  NodeTesting.cpp
C:\Users\kylem\source\repos\ADS_CA2_Tree\ADS_CA2_Tree\TNode.h(117,9): error C2660: 'TNode<int,int>::add': function does not take 1 arguments
C:\Users\kylem\source\repos\ADS_CA2_Tree\ADS_CA2_Tree\TNode.h(30,7): message : see declaration of 'TNode<int,int>::add'
C:\Users\kylem\source\repos\ADS_CA2_Tree\ADS_CA2_Tree\TNode.h(117,9): message : while trying to match the argument list '(E)'
          with
          [
              E=int
          ]
C:\Users\kylem\source\repos\ADS_CA2_Tree\ADS_CA2_Tree\TNode.h(99,1): message : while compiling class template member function 'void TNode<int,int>::add(K,E)'
          with
          [
              K=int,
              E=int
          ]
C:\Users\kylem\source\repos\ADS_CA2_Tree\NodeTesting\NodeTesting.cpp(26,12): message : see reference to function template instantiation 'void TNode<int,int>::add(K,E)' being compiled
          with
          [
              K=int,
              E=int
          ]
C:\Users\kylem\source\repos\ADS_CA2_Tree\NodeTesting\NodeTesting.cpp(15,1): message : see reference to class template instantiation 'TNode<int,int>' being compiled
C:\Users\kylem\source\repos\ADS_CA2_Tree\ADS_CA2_Tree\TNode.h(118,9): error C2660: 'TNode<int,int>::add': function does not take 1 arguments
C:\Users\kylem\source\repos\ADS_CA2_Tree\ADS_CA2_Tree\TNode.h(30,7): message : see declaration of 'TNode<int,int>::add'
C:\Users\kylem\source\repos\ADS_CA2_Tree\ADS_CA2_Tree\TNode.h(118,9): message : while trying to match the argument list '(K)'
          with
          [
              K=int
          ]
C:\Users\kylem\source\repos\ADS_CA2_Tree\ADS_CA2_Tree\TNode.h(120,3): error C2143: syntax error: missing ';' before '}'
C:\Users\kylem\source\repos\ADS_CA2_Tree\ADS_CA2_Tree\TNode.h(134,10): error C2660: 'TNode<int,int>::add': function does not take 1 arguments
C:\Users\kylem\source\repos\ADS_CA2_Tree\ADS_CA2_Tree\TNode.h(30,7): message : see declaration of 'TNode<int,int>::add'
C:\Users\kylem\source\repos\ADS_CA2_Tree\ADS_CA2_Tree\TNode.h(134,10): message : while trying to match the argument list '(E)'
          with
          [
              E=int
          ]
C:\Users\kylem\source\repos\ADS_CA2_Tree\ADS_CA2_Tree\TNode.h(135,10): error C2660: 'TNode<int,int>::add': function does not take 1 arguments
C:\Users\kylem\source\repos\ADS_CA2_Tree\ADS_CA2_Tree\TNode.h(30,7): message : see declaration of 'TNode<int,int>::add'
C:\Users\kylem\source\repos\ADS_CA2_Tree\ADS_CA2_Tree\TNode.h(135,10): message : while trying to match the argument list '(K)'
          with
          [
              K=int
          ]
C:\Users\kylem\source\repos\ADS_CA2_Tree\ADS_CA2_Tree\TNode.h(136,3): error C2143: syntax error: missing ';' before '}'
C:\Users\kylem\source\repos\ADS_CA2_Tree\ADS_CA2_Tree\TNode.h(149,9): error C2660: 'TNode<int,int>::add': function does not take 1 arguments
C:\Users\kylem\source\repos\ADS_CA2_Tree\ADS_CA2_Tree\TNode.h(30,7): message : see declaration of 'TNode<int,int>::add'
C:\Users\kylem\source\repos\ADS_CA2_Tree\ADS_CA2_Tree\TNode.h(149,9): message : while trying to match the argument list '(E)'
          with
          [
              E=int
          ]
C:\Users\kylem\source\repos\ADS_CA2_Tree\ADS_CA2_Tree\TNode.h(150,9): error C2660: 'TNode<int,int>::add': function does not take 1 arguments
C:\Users\kylem\source\repos\ADS_CA2_Tree\ADS_CA2_Tree\TNode.h(30,7): message : see declaration of 'TNode<int,int>::add'
C:\Users\kylem\source\repos\ADS_CA2_Tree\ADS_CA2_Tree\TNode.h(150,9): message : while trying to match the argument list '(K)'
          with
          [
              K=int
          ]
C:\Users\kylem\source\repos\ADS_CA2_Tree\ADS_CA2_Tree\TNode.h(151,3): error C2143: syntax error: missing ';' before '}'
C:\Users\kylem\source\repos\ADS_CA2_Tree\ADS_CA2_Tree\TNode.h(163,10): error C2660: 'TNode<int,int>::add': function does not take 1 arguments
C:\Users\kylem\source\repos\ADS_CA2_Tree\ADS_CA2_Tree\TNode.h(30,7): message : see declaration of 'TNode<int,int>::add'
C:\Users\kylem\source\repos\ADS_CA2_Tree\ADS_CA2_Tree\TNode.h(163,10): message : while trying to match the argument list '(E)'
          with
          [
              E=int
          ]
C:\Users\kylem\source\repos\ADS_CA2_Tree\ADS_CA2_Tree\TNode.h(176,10): error C2660: 'TNode<int,int>::add': function does not take 1 arguments
C:\Users\kylem\source\repos\ADS_CA2_Tree\ADS_CA2_Tree\TNode.h(30,7): message : see declaration of 'TNode<int,int>::add'
C:\Users\kylem\source\repos\ADS_CA2_Tree\ADS_CA2_Tree\TNode.h(176,10): message : while trying to match the argument list '(E)'
          with
          [
              E=int
          ]
C:\Users\kylem\source\repos\ADS_CA2_Tree\ADS_CA2_Tree\TNode.h(177,10): error C2660: 'TNode<int,int>::add': function does not take 1 arguments
C:\Users\kylem\source\repos\ADS_CA2_Tree\ADS_CA2_Tree\TNode.h(30,7): message : see declaration of 'TNode<int,int>::add'
C:\Users\kylem\source\repos\ADS_CA2_Tree\ADS_CA2_Tree\TNode.h(177,10): message : while trying to match the argument list '(K)'
          with
          [
              K=int
          ]
C:\Users\kylem\source\repos\ADS_CA2_Tree\ADS_CA2_Tree\TNode.h(178,3): error C2143: syntax error: missing ';' before '}'
C:\Users\kylem\source\repos\ADS_CA2_Tree\ADS_CA2_Tree\TNode.h(192,9): error C2660: 'TNode<int,int>::add': function does not take 1 arguments
C:\Users\kylem\source\repos\ADS_CA2_Tree\ADS_CA2_Tree\TNode.h(30,7): message : see declaration of 'TNode<int,int>::add'
C:\Users\kylem\source\repos\ADS_CA2_Tree\ADS_CA2_Tree\TNode.h(192,9): message : while trying to match the argument list '(E)'
          with
          [
              E=int
          ]
C:\Users\kylem\source\repos\ADS_CA2_Tree\ADS_CA2_Tree\TNode.h(193,9): error C2660: 'TNode<int,int>::add': function does not take 1 arguments
C:\Users\kylem\source\repos\ADS_CA2_Tree\ADS_CA2_Tree\TNode.h(30,7): message : see declaration of 'TNode<int,int>::add'
C:\Users\kylem\source\repos\ADS_CA2_Tree\ADS_CA2_Tree\TNode.h(193,9): message : while trying to match the argument list '(K)'
          with
          [
              K=int
          ]
C:\Users\kylem\source\repos\ADS_CA2_Tree\ADS_CA2_Tree\TNode.h(194,3): error C2143: syntax error: missing ';' before '}'
C:\Users\kylem\source\repos\ADS_CA2_Tree\ADS_CA2_Tree\TNode.h(198,2): error C2059: syntax error: '}'
